Drill Listing
=============
Drill: .01  Tool: 1  Feed: 95  Speed: 300
X 109700  Y 142600
X 115100  Y 131900
X 145700  Y 127800
X 160200  Y 147000
X 163600  Y 142100
X 163700  Y 151900
X 163700  Y 128500
X 163800  Y 146300
X 168200  Y 134900
X 168200  Y 138700
X 173800  Y 133000
X 175000  Y 150000
X 175000  Y 144000
X 181000  Y 150000
X 181000  Y 144000
X 186700  Y 133200
X 194300  Y 150800
X 195300  Y 119500
X 195500  Y 140400
X 197000  Y 135500
X 197100  Y 145500
X 197400  Y 150600
X 197500  Y 128500
X 212300  Y 143400
X 212400  Y 148700
X 212500  Y 137500
X 216500  Y 125000
X 227300  Y 143500
X 228400  Y 149000
X 228500  Y 141100
X 228700  Y 138000
X 229500  Y 131400
X 231600  Y 135600
X 236500  Y 130300
X 237400  Y 137400
X 244000  Y 150000
X 244000  Y 144000
X 246400  Y 126000
X 250000  Y 144000
X 250000  Y 150000
X 256000  Y 125900
X 256727  Y 138700
X 257700  Y 134900
X 258100  Y 130200
X 261200  Y 146300
X 261300  Y 151900
X 261400  Y 142100
X 264300  Y 147100
X 310000  Y 131700
X 314900  Y 146000
X 309400  Y 175200
X 279200  Y 159000
X 261300  Y 165500
X 259300  Y 174700
X 256900  Y 172200
X 256800  Y 155300
X 256700  Y 158800
X 250900  Y 160800
X 246300  Y 169200
X 238200  Y 160700
X 236700  Y 173500
X 236300  Y 170100
X 233500  Y 169600
X 229700  Y 153500
X 229300  Y 174400
X 228100  Y 158500
X 227400  Y 165600
X 219300  Y 166000
X 212500  Y 156000
X 206700  Y 169600
X 197500  Y 171600
X 196300  Y 156000
X 196000  Y 162100
X 193100  Y 158400
X 188200  Y 164600
X 187800  Y 156800
X 187300  Y 176900
X 178900  Y 167500
X 174100  Y 176100
X 168800  Y 164300
X 168272  Y 155300
X 166400  Y 161500
X 165000  Y 158900
X 163700  Y 171600
X 145700  Y 170900
X 115100  Y 175000
X 109800  Y 186600
X 159800  Y 190300
X 163600  Y 185100
X 163700  Y 195000
X 163800  Y 189400
X 164700  Y 201900
X 168200  Y 181800
X 168200  Y 178000
X 168272  Y 198400
X 175000  Y 187100
X 175000  Y 193100
X 180900  Y 187100
X 180900  Y 193100
X 193494  Y 201200
X 194300  Y 193900
X 195362  Y 183600
X 195700  Y 198400
X 196700  Y 188100
X 197000  Y 178600
X 197400  Y 193700
X 212500  Y 193700
X 212500  Y 199100
X 212500  Y 188600
X 212500  Y 180600
X 227100  Y 186600
X 228100  Y 201500
X 228400  Y 192100
X 228700  Y 181000
X 228700  Y 184131
X 229700  Y 196500
X 231800  Y 178600
X 237400  Y 180300
X 244000  Y 193100
X 244000  Y 187100
X 250000  Y 187100
X 250000  Y 193100
X 256700  Y 201900
X 256727  Y 181800
X 256800  Y 198400
X 260000  Y 177900
X 261200  Y 189400
X 261300  Y 195000
X 261400  Y 185100
X 265200  Y 190300
X 315000  Y 187500
X 308800  Y 218100
X 280100  Y 202000
X 261600  Y 208700
X 259900  Y 221400
X 259300  Y 218100
X 257200  Y 215600
X 256727  Y 224900
X 250900  Y 203900
X 246300  Y 212300
X 238200  Y 203800
X 237300  Y 223500
X 236100  Y 216500
X 231400  Y 221800
X 229200  Y 217500
X 228800  Y 224100
X 227800  Y 208700
X 217000  Y 210600
X 212500  Y 223700
X 206700  Y 213300
X 197500  Y 214700
X 196900  Y 221700
X 196000  Y 205200
X 195400  Y 226700
X 188200  Y 207700
X 187200  Y 202300
X 186800  Y 220000
X 174000  Y 219200
X 168300  Y 207600
X 168200  Y 224900
X 168200  Y 221600
X 165800  Y 205100
X 163700  Y 214700
X 145900  Y 216100
X 115100  Y 218100
X 109700  Y 228800
X 158000  Y 251200
X 159800  Y 233200
X 163600  Y 228200
X 163700  Y 238100
X 163800  Y 232500
X 165400  Y 245000
X 166600  Y 247800
X 168200  Y 251700
X 168272  Y 241500
X 175000  Y 236200
X 175000  Y 230200
X 180900  Y 230200
X 180900  Y 236200
X 187500  Y 247600
X 188200  Y 250800
X 193400  Y 244200
X 196000  Y 248400
X 196100  Y 243000
X 197200  Y 231800
X 197600  Y 236700
X 198000  Y 240400
X 212500  Y 241900
X 212800  Y 236900
X 212900  Y 231600
X 227600  Y 230000
X 227700  Y 251700
X 228100  Y 244600
X 228400  Y 235100
X 228900  Y 227400
X 229700  Y 239700
X 238200  Y 246800
X 244000  Y 236200
X 244000  Y 230200
X 250000  Y 230200
X 250000  Y 236200
X 250900  Y 247500
X 256700  Y 245000
X 256800  Y 241500
X 261200  Y 232500
X 261300  Y 238100
X 261400  Y 228200
X 261500  Y 251800
X 265100  Y 233300
X 280200  Y 245000
X 315200  Y 230800
X 274700  Y 271900
X 274600  Y 266000
X 263000  Y 268400
X 254400  Y 258300
X 239600  Y 268500
X 234600  Y 258500
X 233500  Y 255300
X 213000  Y 272700
X 208500  Y 255100
X 175700  Y 264400
X 166600  Y 268700
X 165000  Y 256000
X 160200  Y 256100
X 113800  Y 295000
X 140500  Y 286200
X 142900  Y 288000
X 170500  Y 292100
X 172600  Y 296200
X 173900  Y 293000
X 175700  Y 283600
X 181400  Y 299800
X 181700  Y 290900
X 182800  Y 278500
X 183900  Y 293000
X 184100  Y 299800
X 186100  Y 290900
X 198000  Y 292800
X 208600  Y 279200
X 214100  Y 292300
X 315400  Y 282900
X 249000  Y 305800
X 191200  Y 306300
X 188400  Y 312200
X 184600  Y 312900
X 184100  Y 302600
X 181700  Y 309700
X 181400  Y 302600
X 179600  Y 312400
X 177300  Y 316300
X 171800  Y 309700
X 166900  Y 322700
X 114000  Y 310500
X 114000  Y 302600
X 114000  Y 318400
X 114000  Y 326300
X 104100  Y 342000
X 113900  Y 334100
X 137100  Y 355000
X 161700  Y 364400
X 167000  Y 347900
X 174800  Y 347800
X 180800  Y 372600
X 183300  Y 375100
X 188700  Y 372300
X 207400  Y 367800
X 208400  Y 371300
X 210200  Y 347300
X 213500  Y 331900
X 214400  Y 343300
X 215700  Y 346900
X 215900  Y 351800
X 219300  Y 352200
X 221500  Y 366900
X 223300  Y 369300
X 226500  Y 371500
X 238300  Y 375700
X 299900  Y 372100
X 315333  Y 389800
X 314600  Y 394900
X 314600  Y 397900
X 314600  Y 401000
X 300000  Y 388500
X 282200  Y 388600
X 265700  Y 395100
X 243600  Y 382400
X 239900  Y 381800
X 239400  Y 379000
X 236100  Y 394800
X 234800  Y 400600
X 233000  Y 379900
X 230100  Y 377600
X 220100  Y 401500
X 217600  Y 400200
X 210200  Y 377100
X 209500  Y 383000
X 188900  Y 386900
X 186600  Y 384800
X 185600  Y 377200
X 183800  Y 398600
X 180700  Y 386400
X 175950  Y 377500
X 166800  Y 388600
X 161700  Y 384700
X 153500  Y 401100
X 144000  Y 388500
X 144000  Y 398600
X 142300  Y 394800
X 140900  Y 391600
X 140900  Y 401100
X 140765  Y 385434
X 123500  Y 391700
X 123500  Y 398000
X 123500  Y 385400
X 123500  Y 388600
X 123500  Y 401200
X 121600  Y 379000
X 110300  Y 404300
X 110300  Y 413800
X 110300  Y 423200
X 123500  Y 407500
X 123500  Y 426500
X 123500  Y 416900
X 123500  Y 420100
X 140900  Y 407700
X 140900  Y 416800
X 140900  Y 426400
X 143900  Y 410500
X 144000  Y 420400
X 158900  Y 406400
X 159200  Y 422800
X 161400  Y 410500
X 170700  Y 417700
X 180500  Y 413700
X 180800  Y 417300
X 208000  Y 420400
X 213000  Y 403900
X 214600  Y 425000
X 215200  Y 402000
X 222900  Y 403000
X 234800  Y 404400
X 234800  Y 424300
X 236700  Y 413800
X 236800  Y 410600
X 236800  Y 420000
X 237000  Y 426900
X 244300  Y 423500
X 262400  Y 408200
X 314600  Y 404300
X 314600  Y 413800
X 314600  Y 423200
X 314600  Y 426400
X 315300  Y 432700
X 314600  Y 451500
X 314600  Y 442100
X 314600  Y 429500
X 314600  Y 435800
X 314600  Y 439100
X 237100  Y 432700
X 236800  Y 438900
X 236800  Y 448400
X 236700  Y 442100
X 236700  Y 451600
X 235900  Y 429500
X 214600  Y 429900
X 212500  Y 436700
X 208000  Y 430200
X 206600  Y 434500
X 205100  Y 429600
X 203000  Y 434400
X 200600  Y 439400
X 197900  Y 444200
X 193800  Y 448500
X 184400  Y 441700
X 181600  Y 446300
X 170200  Y 451300
X 167300  Y 427200
X 144000  Y 448500
X 144000  Y 439400
X 144000  Y 429600
X 140900  Y 445300
X 140900  Y 435500
X 123500  Y 448400
X 123500  Y 435800
X 123500  Y 439000
X 123500  Y 445300
X 123500  Y 429500
X 110300  Y 442100
X 110300  Y 451600
X 110300  Y 432700
X 110300  Y 473600
X 123400  Y 476772
X 123400  Y 454725
X 123400  Y 457875
X 123400  Y 470473
X 123400  Y 467200
X 125300  Y 464200
X 125300  Y 461000
X 140600  Y 467400
X 140900  Y 454700
X 140900  Y 476700
X 144000  Y 458000
X 144000  Y 470500
X 155500  Y 453400
X 167900  Y 465900
X 172800  Y 458000
X 175700  Y 475300
X 183900  Y 455700
X 195700  Y 452800
X 206600  Y 470500
X 210200  Y 463900
X 218600  Y 468200
X 243600  Y 457900
X 244000  Y 461000
X 250400  Y 470300
X 250400  Y 473500
X 265600  Y 464200
X 300074  Y 464174
X 314600  Y 470400
X 314600  Y 467400
X 314600  Y 457800
X 314600  Y 454500
X 314600  Y 476800
X 315300  Y 473600
X 315300  Y 483000
X 314600  Y 479900
X 314600  Y 501900
X 314600  Y 498800
X 300100  Y 495900
X 282200  Y 491700
X 277900  Y 494200
X 270400  Y 496400
X 262800  Y 477300
X 260900  Y 486800
X 258100  Y 477100
X 250200  Y 494200
X 246600  Y 484400
X 237300  Y 489300
X 236800  Y 479900
X 219800  Y 484100
X 219800  Y 487800
X 218900  Y 477500
X 215900  Y 485000
X 213500  Y 498500
X 195800  Y 479900
X 183700  Y 495400
X 178100  Y 489400
X 164800  Y 487000
X 156200  Y 484700
X 149400  Y 482100
X 148600  Y 477700
X 146300  Y 499700
X 144000  Y 501800
X 144000  Y 479900
X 144000  Y 489400
X 140900  Y 498800
X 140900  Y 486000
X 126100  Y 495500
X 123400  Y 498820
X 123400  Y 489371
X 123400  Y 479922
X 123400  Y 486221
X 123400  Y 501969
X 110300  Y 483100
X 110300  Y 492200
X 109900  Y 520700
X 110000  Y 524100
X 110300  Y 505100
X 123400  Y 517700
X 123400  Y 514600
X 123400  Y 511400
X 123400  Y 508300
X 140900  Y 514600
X 140900  Y 508200
X 144000  Y 511400
X 144400  Y 517700
X 145700  Y 523900
X 149500  Y 523500
X 162600  Y 520100
X 173000  Y 523500
X 181000  Y 509000
X 189900  Y 517700
X 192500  Y 511400
X 192600  Y 515600
X 193400  Y 506800
X 196000  Y 523600
X 197200  Y 513500
X 209100  Y 503500
X 219200  Y 512500
X 219900  Y 523500
X 250200  Y 512800
X 250300  Y 509000
X 264300  Y 511400
X 264400  Y 514700
X 278000  Y 506200
X 282700  Y 524300
X 299500  Y 524000
X 314600  Y 511400
X 314600  Y 508100
X 315300  Y 505000
X 315300  Y 514600
X 215100  Y 575100
X 207500  Y 543500
X 201200  Y 576200
X 193400  Y 569600
X 183100  Y 558900
X 177900  Y 575000
X 167300  Y 575200
X 160900  Y 543200
X 154600  Y 576200
X 146700  Y 569500
X 145400  Y 538000
X 143100  Y 544000
X 143000  Y 573800
X 138600  Y 541400
X 136500  Y 573800
X 136500  Y 560500
X 125300  Y 550100
X 117800  Y 564000
X 114500  Y 553400
X 110200  Y 540700
X 110000  Y 527100
X 110200  Y 589600
X 149800  Y 599900
X 157700  Y 593000
X 157700  Y 586200
X 157800  Y 600200
X 157800  Y 577800
X 160992  Y 589592
X 161000  Y 600300
X 164149  Y 577900
X 164300  Y 593000
X 164300  Y 586200
X 168900  Y 597400
X 194100  Y 597300
X 204200  Y 577800
X 204200  Y 593000
X 204200  Y 586200
X 204300  Y 600400
X 207492  Y 589592
X 207500  Y 600100
X 210649  Y 577900
X 210800  Y 593000
X 210800  Y 586200
X 216600  Y 597400
X 274700  Y 583300
X 210800  Y 613200
X 210800  Y 629500
X 202500  Y 617300
X 195400  Y 617100
X 175100  Y 624100
X 169000  Y 608000
X 167500  Y 645800
X 164300  Y 617300
X 150800  Y 608000
X 132520  Y 649800
X 130100  Y 613100
X 122400  Y 620400
X 145200  Y 723300
X 183000  Y 679500
X 183000  Y 673400
X 206500  Y 694900
X 233700  Y 737500
X 222700  Y 727600
X 222200  Y 737500
Drill: .03  Tool: 2  Feed: 197  Speed: 550
X 99500  Y 111000
X 99500  Y 107000
X 325500  Y 107000
X 325500  Y 111000
X 325500  Y 260500
X 325500  Y 264500
X 99500  Y 264500
X 99500  Y 260500
X 99500  Y 423000
X 325500  Y 423000
X 325500  Y 427000
X 99500  Y 427000
X 99100  Y 589500
X 99100  Y 585500
X 325500  Y 585500
X 325500  Y 589500
X 325500  Y 739000
X 325500  Y 743000
X 99100  Y 739000
X 99100  Y 743000
Drill: .0315  Tool: 3  Feed: 197  Speed: 550
X 125000  Y 362992
X 300000  Y 362992
Drill: .03346  Tool: 4  Feed: 197  Speed: 550
X 170400  Y 119437
X 170400  Y 111562
X 300200  Y 292125
X 300200  Y 300000
X 300200  Y 307874
X 300200  Y 327125
X 300200  Y 335000
X 300200  Y 342874
X 124500  Y 567937
X 124500  Y 560062
X 300200  Y 572874
X 300200  Y 557125
X 300200  Y 565000
X 300200  Y 592125
X 300200  Y 600000
X 300200  Y 607874
X 124500  Y 593437
X 124500  Y 585562
Drill: .035  Tool: 5  Feed: 197  Speed: 550
X 132600  Y 294777
X 132600  Y 326274
X 132600  Y 318400
X 132600  Y 310525
X 132600  Y 302651
X 132600  Y 334148
X 132600  Y 342022
Drill: .038  Tool: 6  Feed: 197  Speed: 550
X 164000  Y 660000
X 164000  Y 670000
X 193000  Y 660000
X 193000  Y 670000
X 222000  Y 660000
X 222000  Y 670000
X 251000  Y 660000
X 251000  Y 670000
X 280000  Y 660000
X 280000  Y 670000
X 309000  Y 660000
X 309000  Y 670000
X 309000  Y 680000
X 309000  Y 690000
X 309000  Y 700000
X 280000  Y 680000
X 280000  Y 690000
X 280000  Y 700000
X 251000  Y 680000
X 251000  Y 690000
X 251000  Y 700000
X 222000  Y 700000
X 222000  Y 680000
X 222000  Y 690000
X 193000  Y 700000
X 193000  Y 690000
X 193000  Y 680000
X 164000  Y 700000
X 164000  Y 690000
X 164000  Y 680000
X 164000  Y 710000
X 193000  Y 710000
X 222000  Y 710000
X 251000  Y 710000
X 251000  Y 727500
X 251000  Y 737500
X 280000  Y 727500
X 280000  Y 737500
X 280000  Y 710000
X 309000  Y 710000
Drill: .04528  Tool: 7  Feed: 139  Speed: 550
X 125000  Y 537007
X 300000  Y 537007
Drill: .04724  Tool: 8  Feed: 139  Speed: 550
X 130200  Y 132000
X 130200  Y 142000
X 130200  Y 175100
X 130200  Y 152000
X 130200  Y 162000
X 294800  Y 132000
X 294800  Y 142000
X 294800  Y 162000
X 294800  Y 152000
X 294800  Y 175100
X 294800  Y 195100
X 294800  Y 185100
X 294800  Y 205100
X 294800  Y 218200
X 130200  Y 185100
X 130200  Y 205100
X 130200  Y 218200
X 130200  Y 195100
X 130200  Y 238200
X 130200  Y 228200
X 130200  Y 248200
X 294800  Y 238200
X 294800  Y 228200
X 294800  Y 248200
X 134600  Y 684200
X 134600  Y 694200
X 134600  Y 704200
X 134600  Y 714200
Drill: .05  Tool: 9  Feed: 107  Speed: 550
X 98500  Y 116000
X 98500  Y 102000
X 326500  Y 102000
X 326500  Y 116000
X 326500  Y 255500
X 326500  Y 269500
X 98500  Y 269500
X 98500  Y 255500
X 98500  Y 418000
X 326500  Y 418000
X 326500  Y 432000
X 98500  Y 432000
X 98100  Y 594500
X 98100  Y 580500
X 326500  Y 580500
X 326500  Y 594500
X 326500  Y 734000
X 326500  Y 748000
X 98100  Y 734000
X 98100  Y 748000
Drill: .1  Tool: 10  Feed: 69  Speed: 658
X 77500  Y 150000
X 347500  Y 150000
X 347500  Y 700000
Drill: .125  Tool: 11  Feed: 35  Speed: 794
X 115000  Y 115300
X 310000  Y 115300
X 310000  Y 264900
X 115000  Y 264900
X 115000  Y 634900
X 310000  Y 634900
X 310000  Y 732500
X 115000  Y 732500
End of Listing
